<?xml version="1.0" encoding="UTF-8"?>
<testng-results ignored="1" total="2" passed="1" failed="0" skipped="0">
  <reporter-output>
  </reporter-output>
  <suite started-at="2020-05-03T20:53:04 EEST" name="Default Suite" finished-at="2020-05-03T20:53:04 EEST" duration-ms="39">
    <groups>
    </groups>
    <test started-at="2020-05-03T20:53:04 EEST" name="MavenTest" finished-at="2020-05-03T20:53:04 EEST" duration-ms="39">
      <class name="org.example.AppTest">
        <test-method is-config="true" signature="beforeAllTest()[pri:0, instance:org.example.AppTest@161b062a]" started-at="2020-05-03T20:53:04 EEST" name="beforeAllTest" finished-at="2020-05-03T20:53:04 EEST" duration-ms="8" status="PASS">
          <reporter-output>
          </reporter-output>
        </test-method> <!-- beforeAllTest -->
        <test-method signature="secondTest()[pri:0, instance:org.example.AppTest@161b062a]" started-at="2020-05-03T20:53:04 EEST" name="secondTest" finished-at="2020-05-03T20:53:04 EEST" duration-ms="4" status="PASS">
          <reporter-output>
          </reporter-output>
        </test-method> <!-- secondTest -->
        <test-method is-config="true" signature="afterAllTests()[pri:0, instance:org.example.AppTest@161b062a]" started-at="2020-05-03T20:53:04 EEST" name="afterAllTests" finished-at="2020-05-03T20:53:04 EEST" duration-ms="1" status="PASS">
          <reporter-output>
          </reporter-output>
        </test-method> <!-- afterAllTests -->
      </class> <!-- org.example.AppTest -->
    </test> <!-- MavenTest -->
  </suite> <!-- Default Suite -->
</testng-results>
